# JRE version: OpenJDK Runtime Environment (21.0.9) (build 21.0.9+-14649483-b1163.86)
# Java VM: OpenJDK 64-Bit Server VM (21.0.9+-14649483-b1163.86, mixed mode, tiered, compressed oops, compressed class ptrs, g1 gc, windows-amd64)
GC Precious Log:
 CardTable entry size: 512
 Card Set container configuration: InlinePtr #cards 4 size 8 Array Of Cards #cards 32 size 80 Howl #buckets 8 coarsen threshold 7372 Howl Bitmap #cards 1024 size 144 coarsen threshold 921 Card regions per heap region 1 cards per card region 8192
 CPUs: 12 total, 12 available
 Memory: 7876M
 Large Page Support: Disabled
 NUMA Support: Disabled
 Compressed Oops: Enabled (Zero based)
 Heap Region Size: 4M
 Heap Min Capacity: 8M
 Heap Initial Capacity: 124M
 Heap Max Capacity: 8G
 Pre-touch: Disabled
 Parallel Workers: 10
 Concurrent Workers: 3
 Concurrent Refinement Workers: 10
 Periodic GC: Disabled
Heap:
 garbage-first heap   total 528384K, used 358450K [0x0000000600000000, 0x0000000800000000)
  region size 4096K, 5 young (20480K), 5 survivors (20480K)
 Metaspace       used 177088K, committed 179904K, reserved 1245184K
  class space    used 23638K, committed 24960K, reserved 1048576K
GC Heap History (20 events):
Event: 25.722 GC heap after
{Heap after GC invocations=53 (full 0):
 garbage-first heap   total 364544K, used 230771K [0x0000000600000000, 0x0000000800000000)
  region size 4096K, 4 young (16384K), 4 survivors (16384K)
 Metaspace       used 136840K, committed 139328K, reserved 1179648K
  class space    used 19247K, committed 20416K, reserved 1048576K
}
Event: 31.709 GC heap before
{Heap before GC invocations=53 (full 0):
 garbage-first heap   total 364544K, used 324979K [0x0000000600000000, 0x0000000800000000)
  region size 4096K, 28 young (114688K), 4 survivors (16384K)
 Metaspace       used 140851K, committed 143360K, reserved 1179648K
  class space    used 19639K, committed 20800K, reserved 1048576K
}
Event: 31.729 GC heap after
{Heap after GC invocations=54 (full 0):
 garbage-first heap   total 438272K, used 239173K [0x0000000600000000, 0x0000000800000000)
  region size 4096K, 2 young (8192K), 2 survivors (8192K)
 Metaspace       used 140851K, committed 143360K, reserved 1179648K
  class space    used 19639K, committed 20800K, reserved 1048576K
}
Event: 33.462 GC heap before
{Heap before GC invocations=55 (full 0):
 garbage-first heap   total 438272K, used 386629K [0x0000000600000000, 0x0000000800000000)
  region size 4096K, 39 young (159744K), 2 survivors (8192K)
 Metaspace       used 144646K, committed 147264K, reserved 1179648K
  class space    used 20097K, committed 21312K, reserved 1048576K
}
Event: 33.479 GC heap after
{Heap after GC invocations=56 (full 0):
 garbage-first heap   total 438272K, used 250113K [0x0000000600000000, 0x0000000800000000)
  region size 4096K, 5 young (20480K), 5 survivors (20480K)
 Metaspace       used 144646K, committed 147264K, reserved 1179648K
  class space    used 20097K, committed 21312K, reserved 1048576K
}
Event: 36.917 GC heap before
{Heap before GC invocations=56 (full 0):
 garbage-first heap   total 438272K, used 389377K [0x0000000600000000, 0x0000000800000000)
  region size 4096K, 40 young (163840K), 5 survivors (20480K)
 Metaspace       used 146463K, committed 149120K, reserved 1179648K
  class space    used 20311K, committed 21568K, reserved 1048576K
}
Event: 36.941 GC heap after
{Heap after GC invocations=57 (full 0):
 garbage-first heap   total 438272K, used 254777K [0x0000000600000000, 0x0000000800000000)
  region size 4096K, 3 young (12288K), 3 survivors (12288K)
 Metaspace       used 146463K, committed 149120K, reserved 1179648K
  class space    used 20311K, committed 21568K, reserved 1048576K
}
Event: 40.881 GC heap before
{Heap before GC invocations=57 (full 0):
 garbage-first heap   total 438272K, used 394041K [0x0000000600000000, 0x0000000800000000)
  region size 4096K, 38 young (155648K), 3 survivors (12288K)
 Metaspace       used 149663K, committed 152384K, reserved 1179648K
  class space    used 20681K, committed 21952K, reserved 1048576K
}
Event: 40.898 GC heap after
{Heap after GC invocations=58 (full 0):
 garbage-first heap   total 438272K, used 260948K [0x0000000600000000, 0x0000000800000000)
  region size 4096K, 5 young (20480K), 5 survivors (20480K)
 Metaspace       used 149663K, committed 152384K, reserved 1179648K
  class space    used 20681K, committed 21952K, reserved 1048576K
}
Event: 43.769 GC heap before
{Heap before GC invocations=59 (full 0):
 garbage-first heap   total 446464K, used 396116K [0x0000000600000000, 0x0000000800000000)
  region size 4096K, 39 young (159744K), 5 survivors (20480K)
 Metaspace       used 151906K, committed 154496K, reserved 1245184K
  class space    used 20914K, committed 22144K, reserved 1048576K
}
Event: 43.789 GC heap after
{Heap after GC invocations=60 (full 0):
 garbage-first heap   total 446464K, used 269801K [0x0000000600000000, 0x0000000800000000)
  region size 4096K, 5 young (20480K), 5 survivors (20480K)
 Metaspace       used 151906K, committed 154496K, reserved 1245184K
  class space    used 20914K, committed 22144K, reserved 1048576K
}
Event: 45.872 GC heap before
{Heap before GC invocations=60 (full 0):
 garbage-first heap   total 446464K, used 413161K [0x0000000600000000, 0x0000000800000000)
  region size 4096K, 39 young (159744K), 5 survivors (20480K)
 Metaspace       used 162761K, committed 165568K, reserved 1245184K
  class space    used 21978K, committed 23296K, reserved 1048576K
}
Event: 45.896 GC heap after
{Heap after GC invocations=61 (full 0):
 garbage-first heap   total 454656K, used 284453K [0x0000000600000000, 0x0000000800000000)
  region size 4096K, 5 young (20480K), 5 survivors (20480K)
 Metaspace       used 162761K, committed 165568K, reserved 1245184K
  class space    used 21978K, committed 23296K, reserved 1048576K
}
Event: 48.645 GC heap before
{Heap before GC invocations=61 (full 0):
 garbage-first heap   total 454656K, used 415525K [0x0000000600000000, 0x0000000800000000)
  region size 4096K, 38 young (155648K), 5 survivors (20480K)
 Metaspace       used 175386K, committed 178240K, reserved 1245184K
  class space    used 23404K, committed 24768K, reserved 1048576K
}
Event: 48.677 GC heap after
{Heap after GC invocations=62 (full 0):
 garbage-first heap   total 471040K, used 312125K [0x0000000600000000, 0x0000000800000000)
  region size 4096K, 5 young (20480K), 5 survivors (20480K)
 Metaspace       used 175386K, committed 178240K, reserved 1245184K
  class space    used 23404K, committed 24768K, reserved 1048576K
}
Event: 49.386 GC heap before
{Heap before GC invocations=63 (full 0):
 garbage-first heap   total 528384K, used 422717K [0x0000000600000000, 0x0000000800000000)
  region size 4096K, 33 young (135168K), 5 survivors (20480K)
 Metaspace       used 176888K, committed 179712K, reserved 1245184K
  class space    used 23624K, committed 24960K, reserved 1048576K
}
Event: 49.416 GC heap after
{Heap after GC invocations=64 (full 0):
 garbage-first heap   total 528384K, used 325804K [0x0000000600000000, 0x0000000800000000)
  region size 4096K, 5 young (20480K), 5 survivors (20480K)
 Metaspace       used 176888K, committed 179712K, reserved 1245184K
  class space    used 23624K, committed 24960K, reserved 1048576K
}
Event: 49.635 GC heap before
{Heap before GC invocations=64 (full 0):
 garbage-first heap   total 528384K, used 465068K [0x0000000600000000, 0x0000000800000000)
  region size 4096K, 40 young (163840K), 5 survivors (20480K)
 Metaspace       used 177076K, committed 179840K, reserved 1245184K
  class space    used 23638K, committed 24960K, reserved 1048576K
}
Event: 49.663 GC heap after
{Heap after GC invocations=65 (full 0):
 garbage-first heap   total 528384K, used 342738K [0x0000000600000000, 0x0000000800000000)
  region size 4096K, 5 young (20480K), 5 survivors (20480K)
 Metaspace       used 177076K, committed 179840K, reserved 1245184K
  class space    used 23638K, committed 24960K, reserved 1048576K
}
Event: 49.785 GC heap before
{Heap before GC invocations=65 (full 0):
 garbage-first heap   total 528384K, used 473810K [0x0000000600000000, 0x0000000800000000)
  region size 4096K, 37 young (151552K), 5 survivors (20480K)
 Metaspace       used 177088K, committed 179904K, reserved 1245184K
  class space    used 23638K, committed 24960K, reserved 1048576K
}

