# JRE version: OpenJDK Runtime Environment (21.0.9) (build 21.0.9+-14649483-b1163.86)
# Java VM: OpenJDK 64-Bit Server VM (21.0.9+-14649483-b1163.86, mixed mode, tiered, compressed oops, compressed class ptrs, g1 gc, windows-amd64)
GC Precious Log:
 CardTable entry size: 512
 Card Set container configuration: InlinePtr #cards 4 size 8 Array Of Cards #cards 32 size 80 Howl #buckets 8 coarsen threshold 7372 Howl Bitmap #cards 1024 size 144 coarsen threshold 921 Card regions per heap region 1 cards per card region 8192
 CPUs: 12 total, 12 available
 Memory: 7876M
 Large Page Support: Disabled
 NUMA Support: Disabled
 Compressed Oops: Enabled (Zero based)
 Heap Region Size: 4M
 Heap Min Capacity: 8M
 Heap Initial Capacity: 124M
 Heap Max Capacity: 8G
 Pre-touch: Disabled
 Parallel Workers: 10
 Concurrent Workers: 3
 Concurrent Refinement Workers: 10
 Periodic GC: Disabled
Heap:
 garbage-first heap   total 569344K, used 416089K [0x0000000600000000, 0x0000000800000000)
  region size 4096K, 13 young (53248K), 4 survivors (16384K)
 Metaspace       used 202738K, committed 205696K, reserved 1245184K
  class space    used 26469K, committed 27840K, reserved 1048576K
GC Heap History (20 events):
Event: 116.991 GC heap before
{Heap before GC invocations=56 (full 0):
 garbage-first heap   total 552960K, used 483957K [0x0000000600000000, 0x0000000800000000)
  region size 4096K, 33 young (135168K), 4 survivors (16384K)
 Metaspace       used 161823K, committed 164544K, reserved 1245184K
  class space    used 22135K, committed 23424K, reserved 1048576K
}
Event: 117.008 GC heap after
{Heap after GC invocations=57 (full 0):
 garbage-first heap   total 552960K, used 300295K [0x0000000600000000, 0x0000000800000000)
  region size 4096K, 3 young (12288K), 3 survivors (12288K)
 Metaspace       used 161823K, committed 164544K, reserved 1245184K
  class space    used 22135K, committed 23424K, reserved 1048576K
}
Event: 120.089 GC heap before
{Heap before GC invocations=57 (full 0):
 garbage-first heap   total 552960K, used 460039K [0x0000000600000000, 0x0000000800000000)
  region size 4096K, 43 young (176128K), 3 survivors (12288K)
 Metaspace       used 163252K, committed 166016K, reserved 1245184K
  class space    used 22263K, committed 23552K, reserved 1048576K
}
Event: 120.106 GC heap after
{Heap after GC invocations=58 (full 0):
 garbage-first heap   total 552960K, used 302724K [0x0000000600000000, 0x0000000800000000)
  region size 4096K, 4 young (16384K), 4 survivors (16384K)
 Metaspace       used 163252K, committed 166016K, reserved 1245184K
  class space    used 22263K, committed 23552K, reserved 1048576K
}
Event: 123.334 GC heap before
{Heap before GC invocations=58 (full 0):
 garbage-first heap   total 552960K, used 474756K [0x0000000600000000, 0x0000000800000000)
  region size 4096K, 47 young (192512K), 4 survivors (16384K)
 Metaspace       used 164636K, committed 167424K, reserved 1245184K
  class space    used 22403K, committed 23744K, reserved 1048576K
}
Event: 123.351 GC heap after
{Heap after GC invocations=59 (full 0):
 garbage-first heap   total 552960K, used 307803K [0x0000000600000000, 0x0000000800000000)
  region size 4096K, 4 young (16384K), 4 survivors (16384K)
 Metaspace       used 164636K, committed 167424K, reserved 1245184K
  class space    used 22403K, committed 23744K, reserved 1048576K
}
Event: 129.593 GC heap before
{Heap before GC invocations=59 (full 0):
 garbage-first heap   total 552960K, used 483931K [0x0000000600000000, 0x0000000800000000)
  region size 4096K, 48 young (196608K), 4 survivors (16384K)
 Metaspace       used 170527K, committed 173376K, reserved 1245184K
  class space    used 22962K, committed 24320K, reserved 1048576K
}
Event: 129.607 GC heap after
{Heap after GC invocations=60 (full 0):
 garbage-first heap   total 552960K, used 308100K [0x0000000600000000, 0x0000000800000000)
  region size 4096K, 3 young (12288K), 3 survivors (12288K)
 Metaspace       used 170527K, committed 173376K, reserved 1245184K
  class space    used 22962K, committed 24320K, reserved 1048576K
}
Event: 133.858 GC heap before
{Heap before GC invocations=60 (full 0):
 garbage-first heap   total 552960K, used 488324K [0x0000000600000000, 0x0000000800000000)
  region size 4096K, 48 young (196608K), 3 survivors (12288K)
 Metaspace       used 175129K, committed 177984K, reserved 1245184K
  class space    used 23446K, committed 24832K, reserved 1048576K
}
Event: 133.879 GC heap after
{Heap after GC invocations=61 (full 0):
 garbage-first heap   total 552960K, used 313482K [0x0000000600000000, 0x0000000800000000)
  region size 4096K, 4 young (16384K), 4 survivors (16384K)
 Metaspace       used 175129K, committed 177984K, reserved 1245184K
  class space    used 23446K, committed 24832K, reserved 1048576K
}
Event: 138.226 GC heap before
{Heap before GC invocations=62 (full 0):
 garbage-first heap   total 552960K, used 485514K [0x0000000600000000, 0x0000000800000000)
  region size 4096K, 50 young (204800K), 4 survivors (16384K)
 Metaspace       used 176252K, committed 179072K, reserved 1245184K
  class space    used 23588K, committed 24960K, reserved 1048576K
}
Event: 138.252 GC heap after
{Heap after GC invocations=63 (full 0):
 garbage-first heap   total 552960K, used 312755K [0x0000000600000000, 0x0000000800000000)
  region size 4096K, 6 young (24576K), 6 survivors (24576K)
 Metaspace       used 176252K, committed 179072K, reserved 1245184K
  class space    used 23588K, committed 24960K, reserved 1048576K
}
Event: 142.836 GC heap before
{Heap before GC invocations=63 (full 0):
 garbage-first heap   total 552960K, used 497075K [0x0000000600000000, 0x0000000800000000)
  region size 4096K, 52 young (212992K), 6 survivors (24576K)
 Metaspace       used 197667K, committed 200576K, reserved 1245184K
  class space    used 25816K, committed 27200K, reserved 1048576K
}
Event: 142.864 GC heap after
{Heap after GC invocations=64 (full 0):
 garbage-first heap   total 552960K, used 308516K [0x0000000600000000, 0x0000000800000000)
  region size 4096K, 6 young (24576K), 6 survivors (24576K)
 Metaspace       used 197667K, committed 200576K, reserved 1245184K
  class space    used 25816K, committed 27200K, reserved 1048576K
}
Event: 144.426 GC heap before
{Heap before GC invocations=64 (full 0):
 garbage-first heap   total 552960K, used 496932K [0x0000000600000000, 0x0000000800000000)
  region size 4096K, 53 young (217088K), 6 survivors (24576K)
 Metaspace       used 201652K, committed 204544K, reserved 1245184K
  class space    used 26328K, committed 27712K, reserved 1048576K
}
Event: 144.479 GC heap after
{Heap after GC invocations=65 (full 0):
 garbage-first heap   total 569344K, used 352218K [0x0000000600000000, 0x0000000800000000)
  region size 4096K, 7 young (28672K), 7 survivors (28672K)
 Metaspace       used 201652K, committed 204544K, reserved 1245184K
  class space    used 26328K, committed 27712K, reserved 1048576K
}
Event: 144.654 GC heap before
{Heap before GC invocations=65 (full 0):
 garbage-first heap   total 569344K, used 503770K [0x0000000600000000, 0x0000000800000000)
  region size 4096K, 44 young (180224K), 7 survivors (28672K)
 Metaspace       used 201819K, committed 204736K, reserved 1245184K
  class space    used 26337K, committed 27712K, reserved 1048576K
}
Event: 144.685 GC heap after
{Heap after GC invocations=66 (full 0):
 garbage-first heap   total 569344K, used 372332K [0x0000000600000000, 0x0000000800000000)
  region size 4096K, 6 young (24576K), 6 survivors (24576K)
 Metaspace       used 201819K, committed 204736K, reserved 1245184K
  class space    used 26337K, committed 27712K, reserved 1048576K
}
Event: 144.865 GC heap before
{Heap before GC invocations=66 (full 0):
 garbage-first heap   total 569344K, used 503404K [0x0000000600000000, 0x0000000800000000)
  region size 4096K, 39 young (159744K), 6 survivors (24576K)
 Metaspace       used 202607K, committed 205504K, reserved 1245184K
  class space    used 26433K, committed 27776K, reserved 1048576K
}
Event: 144.883 GC heap after
{Heap after GC invocations=67 (full 0):
 garbage-first heap   total 569344K, used 383321K [0x0000000600000000, 0x0000000800000000)
  region size 4096K, 4 young (16384K), 4 survivors (16384K)
 Metaspace       used 202607K, committed 205504K, reserved 1245184K
  class space    used 26433K, committed 27776K, reserved 1048576K
}

