# JRE version: OpenJDK Runtime Environment (21.0.9) (build 21.0.9+-14649483-b1163.86)
# Java VM: OpenJDK 64-Bit Server VM (21.0.9+-14649483-b1163.86, mixed mode, tiered, compressed oops, compressed class ptrs, g1 gc, windows-amd64)
GC Precious Log:
 CardTable entry size: 512
 Card Set container configuration: InlinePtr #cards 4 size 8 Array Of Cards #cards 32 size 80 Howl #buckets 8 coarsen threshold 7372 Howl Bitmap #cards 1024 size 144 coarsen threshold 921 Card regions per heap region 1 cards per card region 8192
 CPUs: 12 total, 12 available
 Memory: 7876M
 Large Page Support: Disabled
 NUMA Support: Disabled
 Compressed Oops: Enabled (Zero based)
 Heap Region Size: 4M
 Heap Min Capacity: 8M
 Heap Initial Capacity: 124M
 Heap Max Capacity: 8G
 Pre-touch: Disabled
 Parallel Workers: 10
 Concurrent Workers: 3
 Concurrent Refinement Workers: 10
 Periodic GC: Disabled
Heap:
 garbage-first heap   total 905216K, used 634880K [0x0000000600000000, 0x0000000800000000)
  region size 4096K, 8 young (32768K), 8 survivors (32768K)
 Metaspace       used 267926K, committed 271040K, reserved 1310720K
  class space    used 35071K, committed 36544K, reserved 1048576K
GC Heap History (20 events):
Event: 179.738 GC heap after
{Heap after GC invocations=83 (full 0):
 garbage-first heap   total 634880K, used 292815K [0x0000000600000000, 0x0000000800000000)
  region size 4096K, 6 young (24576K), 6 survivors (24576K)
 Metaspace       used 193154K, committed 196032K, reserved 1245184K
  class space    used 25658K, committed 27008K, reserved 1048576K
}
Event: 180.381 GC heap before
{Heap before GC invocations=84 (full 0):
 garbage-first heap   total 634880K, used 587727K [0x0000000600000000, 0x0000000800000000)
  region size 4096K, 79 young (323584K), 6 survivors (24576K)
 Metaspace       used 193497K, committed 196352K, reserved 1245184K
  class space    used 25703K, committed 27072K, reserved 1048576K
}
Event: 180.401 GC heap after
{Heap after GC invocations=85 (full 0):
 garbage-first heap   total 634880K, used 297567K [0x0000000600000000, 0x0000000800000000)
  region size 4096K, 7 young (28672K), 7 survivors (28672K)
 Metaspace       used 193497K, committed 196352K, reserved 1245184K
  class space    used 25703K, committed 27072K, reserved 1048576K
}
Event: 180.839 GC heap before
{Heap before GC invocations=85 (full 0):
 garbage-first heap   total 634880K, used 588383K [0x0000000600000000, 0x0000000800000000)
  region size 4096K, 79 young (323584K), 7 survivors (28672K)
 Metaspace       used 193830K, committed 196672K, reserved 1245184K
  class space    used 25738K, committed 27072K, reserved 1048576K
}
Event: 180.859 GC heap after
{Heap after GC invocations=86 (full 0):
 garbage-first heap   total 634880K, used 290262K [0x0000000600000000, 0x0000000800000000)
  region size 4096K, 4 young (16384K), 4 survivors (16384K)
 Metaspace       used 193830K, committed 196672K, reserved 1245184K
  class space    used 25738K, committed 27072K, reserved 1048576K
}
Event: 181.724 GC heap before
{Heap before GC invocations=86 (full 0):
 garbage-first heap   total 634880K, used 589270K [0x0000000600000000, 0x0000000800000000)
  region size 4096K, 78 young (319488K), 4 survivors (16384K)
 Metaspace       used 194265K, committed 197120K, reserved 1245184K
  class space    used 25787K, committed 27136K, reserved 1048576K
}
Event: 181.747 GC heap after
{Heap after GC invocations=87 (full 0):
 garbage-first heap   total 634880K, used 306604K [0x0000000600000000, 0x0000000800000000)
  region size 4096K, 8 young (32768K), 8 survivors (32768K)
 Metaspace       used 194265K, committed 197120K, reserved 1245184K
  class space    used 25787K, committed 27136K, reserved 1048576K
}
Event: 183.016 GC heap before
{Heap before GC invocations=88 (full 0):
 garbage-first heap   total 634880K, used 597420K [0x0000000600000000, 0x0000000800000000)
  region size 4096K, 78 young (319488K), 8 survivors (32768K)
 Metaspace       used 217840K, committed 220928K, reserved 1245184K
  class space    used 28007K, committed 29504K, reserved 1048576K
}
Event: 183.032 GC heap after
{Heap after GC invocations=89 (full 0):
 garbage-first heap   total 634880K, used 308619K [0x0000000600000000, 0x0000000800000000)
  region size 4096K, 4 young (16384K), 4 survivors (16384K)
 Metaspace       used 217840K, committed 220928K, reserved 1245184K
  class space    used 28007K, committed 29504K, reserved 1048576K
}
Event: 184.062 GC heap before
{Heap before GC invocations=89 (full 0):
 garbage-first heap   total 634880K, used 591243K [0x0000000600000000, 0x0000000800000000)
  region size 4096K, 74 young (303104K), 4 survivors (16384K)
 Metaspace       used 237105K, committed 240192K, reserved 1310720K
  class space    used 30309K, committed 31808K, reserved 1048576K
}
Event: 184.088 GC heap after
{Heap after GC invocations=90 (full 0):
 garbage-first heap   total 831488K, used 338747K [0x0000000600000000, 0x0000000800000000)
  region size 4096K, 10 young (40960K), 10 survivors (40960K)
 Metaspace       used 237105K, committed 240192K, reserved 1310720K
  class space    used 30309K, committed 31808K, reserved 1048576K
}
Event: 184.687 GC heap before
{Heap before GC invocations=90 (full 0):
 garbage-first heap   total 831488K, used 760635K [0x0000000600000000, 0x0000000800000000)
  region size 4096K, 114 young (466944K), 10 survivors (40960K)
 Metaspace       used 241006K, committed 244032K, reserved 1310720K
  class space    used 30713K, committed 32192K, reserved 1048576K
}
Event: 184.756 GC heap after
{Heap after GC invocations=91 (full 0):
 garbage-first heap   total 897024K, used 429340K [0x0000000600000000, 0x0000000800000000)
  region size 4096K, 15 young (61440K), 15 survivors (61440K)
 Metaspace       used 241006K, committed 244032K, reserved 1310720K
  class space    used 30713K, committed 32192K, reserved 1048576K
}
Event: 185.110 GC heap before
{Heap before GC invocations=91 (full 0):
 garbage-first heap   total 897024K, used 769308K [0x0000000600000000, 0x0000000800000000)
  region size 4096K, 99 young (405504K), 15 survivors (61440K)
 Metaspace       used 242645K, committed 245696K, reserved 1310720K
  class space    used 30991K, committed 32448K, reserved 1048576K
}
Event: 185.159 GC heap after
{Heap after GC invocations=92 (full 0):
 garbage-first heap   total 897024K, used 470697K [0x0000000600000000, 0x0000000800000000)
  region size 4096K, 12 young (49152K), 12 survivors (49152K)
 Metaspace       used 242645K, committed 245696K, reserved 1310720K
  class space    used 30991K, committed 32448K, reserved 1048576K
}
Event: 185.946 GC heap before
{Heap before GC invocations=93 (full 0):
 garbage-first heap   total 897024K, used 781993K [0x0000000600000000, 0x0000000800000000)
  region size 4096K, 89 young (364544K), 12 survivors (49152K)
 Metaspace       used 256787K, committed 259904K, reserved 1310720K
  class space    used 33265K, committed 34752K, reserved 1048576K
}
Event: 186.029 GC heap after
{Heap after GC invocations=94 (full 0):
 garbage-first heap   total 897024K, used 524076K [0x0000000600000000, 0x0000000800000000)
  region size 4096K, 12 young (49152K), 12 survivors (49152K)
 Metaspace       used 256787K, committed 259904K, reserved 1310720K
  class space    used 33265K, committed 34752K, reserved 1048576K
}
Event: 186.306 GC heap before
{Heap before GC invocations=94 (full 0):
 garbage-first heap   total 897024K, used 786220K [0x0000000600000000, 0x0000000800000000)
  region size 4096K, 77 young (315392K), 12 survivors (49152K)
 Metaspace       used 259281K, committed 262336K, reserved 1310720K
  class space    used 33746K, committed 35200K, reserved 1048576K
}
Event: 186.405 GC heap after
{Heap after GC invocations=95 (full 0):
 garbage-first heap   total 905216K, used 585728K [0x0000000600000000, 0x0000000800000000)
  region size 4096K, 10 young (40960K), 10 survivors (40960K)
 Metaspace       used 259281K, committed 262336K, reserved 1310720K
  class space    used 33746K, committed 35200K, reserved 1048576K
}
Event: 187.181 GC heap before
{Heap before GC invocations=95 (full 0):
 garbage-first heap   total 905216K, used 794624K [0x0000000600000000, 0x0000000800000000)
  region size 4096K, 62 young (253952K), 10 survivors (40960K)
 Metaspace       used 267926K, committed 271040K, reserved 1310720K
  class space    used 35071K, committed 36544K, reserved 1048576K
}

