# JRE version: OpenJDK Runtime Environment (21.0.9) (build 21.0.9+-14649483-b1163.86)
# Java VM: OpenJDK 64-Bit Server VM (21.0.9+-14649483-b1163.86, mixed mode, tiered, compressed oops, compressed class ptrs, g1 gc, windows-amd64)
GC Precious Log:
 CardTable entry size: 512
 Card Set container configuration: InlinePtr #cards 5 size 8 Array Of Cards #cards 12 size 40 Howl #buckets 4 coarsen threshold 1843 Howl Bitmap #cards 512 size 80 coarsen threshold 460 Card regions per heap region 1 cards per card region 2048
 CPUs: 12 total, 12 available
 Memory: 7876M
 Large Page Support: Disabled
 NUMA Support: Disabled
 Compressed Oops: Enabled (32-bit)
 Heap Region Size: 1M
 Heap Min Capacity: 8M
 Heap Initial Capacity: 124M
 Heap Max Capacity: 1970M
 Pre-touch: Disabled
 Parallel Workers: 10
 Concurrent Workers: 3
 Concurrent Refinement Workers: 10
 Periodic GC: Disabled
Heap:
 garbage-first heap   total 73728K, used 41984K [0x0000000084e00000, 0x0000000100000000)
  region size 1024K, 6 young (6144K), 2 survivors (2048K)
 Metaspace       used 56542K, committed 56832K, reserved 1114112K
  class space    used 6751K, committed 6848K, reserved 1048576K
GC Heap History (20 events):
Event: 5.184 GC heap before
{Heap before GC invocations=4 (full 0):
 garbage-first heap   total 38912K, used 29318K [0x0000000084e00000, 0x0000000100000000)
  region size 1024K, 22 young (22528K), 4 survivors (4096K)
 Metaspace       used 32664K, committed 32896K, reserved 1114112K
  class space    used 4210K, committed 4288K, reserved 1048576K
}
Event: 5.207 GC heap after
{Heap after GC invocations=5 (full 0):
 garbage-first heap   total 38912K, used 16189K [0x0000000084e00000, 0x0000000100000000)
  region size 1024K, 3 young (3072K), 3 survivors (3072K)
 Metaspace       used 32664K, committed 32896K, reserved 1114112K
  class space    used 4210K, committed 4288K, reserved 1048576K
}
Event: 5.612 GC heap before
{Heap before GC invocations=5 (full 0):
 garbage-first heap   total 38912K, used 26429K [0x0000000084e00000, 0x0000000100000000)
  region size 1024K, 14 young (14336K), 3 survivors (3072K)
 Metaspace       used 35746K, committed 35968K, reserved 1114112K
  class space    used 4543K, committed 4672K, reserved 1048576K
}
Event: 5.621 GC heap after
{Heap after GC invocations=6 (full 0):
 garbage-first heap   total 38912K, used 17660K [0x0000000084e00000, 0x0000000100000000)
  region size 1024K, 1 young (1024K), 1 survivors (1024K)
 Metaspace       used 35746K, committed 35968K, reserved 1114112K
  class space    used 4543K, committed 4672K, reserved 1048576K
}
Event: 5.971 GC heap before
{Heap before GC invocations=7 (full 0):
 garbage-first heap   total 38912K, used 29948K [0x0000000084e00000, 0x0000000100000000)
  region size 1024K, 14 young (14336K), 1 survivors (1024K)
 Metaspace       used 38728K, committed 38976K, reserved 1114112K
  class space    used 4905K, committed 4992K, reserved 1048576K
}
Event: 5.976 GC heap after
{Heap after GC invocations=8 (full 0):
 garbage-first heap   total 38912K, used 18192K [0x0000000084e00000, 0x0000000100000000)
  region size 1024K, 2 young (2048K), 2 survivors (2048K)
 Metaspace       used 38728K, committed 38976K, reserved 1114112K
  class space    used 4905K, committed 4992K, reserved 1048576K
}
Event: 6.263 GC heap before
{Heap before GC invocations=8 (full 0):
 garbage-first heap   total 38912K, used 31504K [0x0000000084e00000, 0x0000000100000000)
  region size 1024K, 15 young (15360K), 2 survivors (2048K)
 Metaspace       used 40079K, committed 40320K, reserved 1114112K
  class space    used 5045K, committed 5120K, reserved 1048576K
}
Event: 6.279 GC heap after
{Heap after GC invocations=9 (full 0):
 garbage-first heap   total 38912K, used 21162K [0x0000000084e00000, 0x0000000100000000)
  region size 1024K, 2 young (2048K), 2 survivors (2048K)
 Metaspace       used 40079K, committed 40320K, reserved 1114112K
  class space    used 5045K, committed 5120K, reserved 1048576K
}
Event: 6.535 GC heap before
{Heap before GC invocations=9 (full 0):
 garbage-first heap   total 38912K, used 31402K [0x0000000084e00000, 0x0000000100000000)
  region size 1024K, 13 young (13312K), 2 survivors (2048K)
 Metaspace       used 42591K, committed 42816K, reserved 1114112K
  class space    used 5294K, committed 5376K, reserved 1048576K
}
Event: 6.543 GC heap after
{Heap after GC invocations=10 (full 0):
 garbage-first heap   total 50176K, used 22061K [0x0000000084e00000, 0x0000000100000000)
  region size 1024K, 1 young (1024K), 1 survivors (1024K)
 Metaspace       used 42591K, committed 42816K, reserved 1114112K
  class space    used 5294K, committed 5376K, reserved 1048576K
}
Event: 7.530 GC heap before
{Heap before GC invocations=11 (full 0):
 garbage-first heap   total 50176K, used 41517K [0x0000000084e00000, 0x0000000100000000)
  region size 1024K, 21 young (21504K), 1 survivors (1024K)
 Metaspace       used 48479K, committed 48768K, reserved 1114112K
  class space    used 5891K, committed 6016K, reserved 1048576K
}
Event: 7.537 GC heap after
{Heap after GC invocations=12 (full 0):
 garbage-first heap   total 50176K, used 23210K [0x0000000084e00000, 0x0000000100000000)
  region size 1024K, 2 young (2048K), 2 survivors (2048K)
 Metaspace       used 48479K, committed 48768K, reserved 1114112K
  class space    used 5891K, committed 6016K, reserved 1048576K
}
Event: 8.453 GC heap before
{Heap before GC invocations=12 (full 0):
 garbage-first heap   total 50176K, used 41642K [0x0000000084e00000, 0x0000000100000000)
  region size 1024K, 21 young (21504K), 2 survivors (2048K)
 Metaspace       used 53469K, committed 53696K, reserved 1114112K
  class space    used 6414K, committed 6528K, reserved 1048576K
}
Event: 8.468 GC heap after
{Heap after GC invocations=13 (full 0):
 garbage-first heap   total 50176K, used 24118K [0x0000000084e00000, 0x0000000100000000)
  region size 1024K, 3 young (3072K), 3 survivors (3072K)
 Metaspace       used 53469K, committed 53696K, reserved 1114112K
  class space    used 6414K, committed 6528K, reserved 1048576K
}
Event: 9.146 GC heap before
{Heap before GC invocations=13 (full 0):
 garbage-first heap   total 50176K, used 44598K [0x0000000084e00000, 0x0000000100000000)
  region size 1024K, 22 young (22528K), 3 survivors (3072K)
 Metaspace       used 54579K, committed 54848K, reserved 1114112K
  class space    used 6529K, committed 6656K, reserved 1048576K
}
Event: 9.172 GC heap after
{Heap after GC invocations=14 (full 0):
 garbage-first heap   total 53248K, used 30720K [0x0000000084e00000, 0x0000000100000000)
  region size 1024K, 3 young (3072K), 3 survivors (3072K)
 Metaspace       used 54579K, committed 54848K, reserved 1114112K
  class space    used 6529K, committed 6656K, reserved 1048576K
}
Event: 9.389 GC heap before
{Heap before GC invocations=14 (full 0):
 garbage-first heap   total 53248K, used 45056K [0x0000000084e00000, 0x0000000100000000)
  region size 1024K, 17 young (17408K), 3 survivors (3072K)
 Metaspace       used 54673K, committed 54976K, reserved 1114112K
  class space    used 6529K, committed 6656K, reserved 1048576K
}
Event: 9.409 GC heap after
{Heap after GC invocations=15 (full 0):
 garbage-first heap   total 54272K, used 36729K [0x0000000084e00000, 0x0000000100000000)
  region size 1024K, 3 young (3072K), 3 survivors (3072K)
 Metaspace       used 54673K, committed 54976K, reserved 1114112K
  class space    used 6529K, committed 6656K, reserved 1048576K
}
Event: 10.009 GC heap before
{Heap before GC invocations=16 (full 0):
 garbage-first heap   total 61440K, used 45945K [0x0000000084e00000, 0x0000000100000000)
  region size 1024K, 12 young (12288K), 3 survivors (3072K)
 Metaspace       used 55734K, committed 56000K, reserved 1114112K
  class space    used 6662K, committed 6784K, reserved 1048576K
}
Event: 10.023 GC heap after
{Heap after GC invocations=17 (full 0):
 garbage-first heap   total 73728K, used 38912K [0x0000000084e00000, 0x0000000100000000)
  region size 1024K, 2 young (2048K), 2 survivors (2048K)
 Metaspace       used 55734K, committed 56000K, reserved 1114112K
  class space    used 6662K, committed 6784K, reserved 1048576K
}

