# JRE version: OpenJDK Runtime Environment (21.0.9) (build 21.0.9+-14649483-b1163.86)
# Java VM: OpenJDK 64-Bit Server VM (21.0.9+-14649483-b1163.86, mixed mode, tiered, compressed oops, compressed class ptrs, g1 gc, windows-amd64)
GC Precious Log:
 CardTable entry size: 512
 Card Set container configuration: InlinePtr #cards 5 size 8 Array Of Cards #cards 12 size 40 Howl #buckets 4 coarsen threshold 1843 Howl Bitmap #cards 512 size 80 coarsen threshold 460 Card regions per heap region 1 cards per card region 2048
 CPUs: 12 total, 12 available
 Memory: 7876M
 Large Page Support: Disabled
 NUMA Support: Disabled
 Compressed Oops: Enabled (32-bit)
 Heap Region Size: 1M
 Heap Min Capacity: 8M
 Heap Initial Capacity: 124M
 Heap Max Capacity: 1970M
 Pre-touch: Disabled
 Parallel Workers: 10
 Concurrent Workers: 3
 Concurrent Refinement Workers: 10
 Periodic GC: Disabled
Heap:
 garbage-first heap   total 73728K, used 51177K [0x0000000084e00000, 0x0000000100000000)
  region size 1024K, 18 young (18432K), 2 survivors (2048K)
 Metaspace       used 58861K, committed 59136K, reserved 1114112K
  class space    used 7017K, committed 7104K, reserved 1048576K
GC Heap History (20 events):
Event: 5.698 GC heap before
{Heap before GC invocations=4 (full 0):
 garbage-first heap   total 38912K, used 28422K [0x0000000084e00000, 0x0000000100000000)
  region size 1024K, 22 young (22528K), 4 survivors (4096K)
 Metaspace       used 32730K, committed 33024K, reserved 1114112K
  class space    used 4219K, committed 4352K, reserved 1048576K
}
Event: 5.723 GC heap after
{Heap after GC invocations=5 (full 0):
 garbage-first heap   total 39936K, used 15908K [0x0000000084e00000, 0x0000000100000000)
  region size 1024K, 3 young (3072K), 3 survivors (3072K)
 Metaspace       used 32730K, committed 33024K, reserved 1114112K
  class space    used 4219K, committed 4352K, reserved 1048576K
}
Event: 6.139 GC heap before
{Heap before GC invocations=5 (full 0):
 garbage-first heap   total 39936K, used 25124K [0x0000000084e00000, 0x0000000100000000)
  region size 1024K, 14 young (14336K), 3 survivors (3072K)
 Metaspace       used 35754K, committed 35968K, reserved 1114112K
  class space    used 4544K, committed 4672K, reserved 1048576K
}
Event: 6.148 GC heap after
{Heap after GC invocations=6 (full 0):
 garbage-first heap   total 39936K, used 16995K [0x0000000084e00000, 0x0000000100000000)
  region size 1024K, 1 young (1024K), 1 survivors (1024K)
 Metaspace       used 35754K, committed 35968K, reserved 1114112K
  class space    used 4544K, committed 4672K, reserved 1048576K
}
Event: 6.520 GC heap before
{Heap before GC invocations=7 (full 0):
 garbage-first heap   total 39936K, used 31331K [0x0000000084e00000, 0x0000000100000000)
  region size 1024K, 16 young (16384K), 1 survivors (1024K)
 Metaspace       used 38795K, committed 39040K, reserved 1114112K
  class space    used 4908K, committed 4992K, reserved 1048576K
}
Event: 6.526 GC heap after
{Heap after GC invocations=8 (full 0):
 garbage-first heap   total 39936K, used 18785K [0x0000000084e00000, 0x0000000100000000)
  region size 1024K, 2 young (2048K), 2 survivors (2048K)
 Metaspace       used 38795K, committed 39040K, reserved 1114112K
  class space    used 4908K, committed 4992K, reserved 1048576K
}
Event: 6.847 GC heap before
{Heap before GC invocations=8 (full 0):
 garbage-first heap   total 39936K, used 32097K [0x0000000084e00000, 0x0000000100000000)
  region size 1024K, 16 young (16384K), 2 survivors (2048K)
 Metaspace       used 40650K, committed 40896K, reserved 1114112K
  class space    used 5096K, committed 5184K, reserved 1048576K
}
Event: 6.860 GC heap after
{Heap after GC invocations=9 (full 0):
 garbage-first heap   total 39936K, used 21379K [0x0000000084e00000, 0x0000000100000000)
  region size 1024K, 2 young (2048K), 2 survivors (2048K)
 Metaspace       used 40650K, committed 40896K, reserved 1114112K
  class space    used 5096K, committed 5184K, reserved 1048576K
}
Event: 7.192 GC heap before
{Heap before GC invocations=9 (full 0):
 garbage-first heap   total 39936K, used 32643K [0x0000000084e00000, 0x0000000100000000)
  region size 1024K, 14 young (14336K), 2 survivors (2048K)
 Metaspace       used 43514K, committed 43776K, reserved 1114112K
  class space    used 5387K, committed 5504K, reserved 1048576K
}
Event: 7.198 GC heap after
{Heap after GC invocations=10 (full 0):
 garbage-first heap   total 49152K, used 22070K [0x0000000084e00000, 0x0000000100000000)
  region size 1024K, 1 young (1024K), 1 survivors (1024K)
 Metaspace       used 43514K, committed 43776K, reserved 1114112K
  class space    used 5387K, committed 5504K, reserved 1048576K
}
Event: 7.962 GC heap before
{Heap before GC invocations=11 (full 0):
 garbage-first heap   total 49152K, used 39478K [0x0000000084e00000, 0x0000000100000000)
  region size 1024K, 19 young (19456K), 1 survivors (1024K)
 Metaspace       used 49265K, committed 49472K, reserved 1114112K
  class space    used 5948K, committed 6016K, reserved 1048576K
}
Event: 7.969 GC heap after
{Heap after GC invocations=12 (full 0):
 garbage-first heap   total 49152K, used 22936K [0x0000000084e00000, 0x0000000100000000)
  region size 1024K, 2 young (2048K), 2 survivors (2048K)
 Metaspace       used 49265K, committed 49472K, reserved 1114112K
  class space    used 5948K, committed 6016K, reserved 1048576K
}
Event: 8.766 GC heap before
{Heap before GC invocations=12 (full 0):
 garbage-first heap   total 49152K, used 40344K [0x0000000084e00000, 0x0000000100000000)
  region size 1024K, 20 young (20480K), 2 survivors (2048K)
 Metaspace       used 53496K, committed 53760K, reserved 1114112K
  class space    used 6413K, committed 6528K, reserved 1048576K
}
Event: 8.777 GC heap after
{Heap after GC invocations=13 (full 0):
 garbage-first heap   total 49152K, used 24144K [0x0000000084e00000, 0x0000000100000000)
  region size 1024K, 3 young (3072K), 3 survivors (3072K)
 Metaspace       used 53496K, committed 53760K, reserved 1114112K
  class space    used 6413K, committed 6528K, reserved 1048576K
}
Event: 9.191 GC heap before
{Heap before GC invocations=13 (full 0):
 garbage-first heap   total 49152K, used 32336K [0x0000000084e00000, 0x0000000100000000)
  region size 1024K, 12 young (12288K), 3 survivors (3072K)
 Metaspace       used 54911K, committed 55104K, reserved 1114112K
  class space    used 6557K, committed 6656K, reserved 1048576K
}
Event: 9.204 GC heap after
{Heap after GC invocations=14 (full 0):
 garbage-first heap   total 49152K, used 26088K [0x0000000084e00000, 0x0000000100000000)
  region size 1024K, 2 young (2048K), 2 survivors (2048K)
 Metaspace       used 54911K, committed 55104K, reserved 1114112K
  class space    used 6557K, committed 6656K, reserved 1048576K
}
Event: 9.402 GC heap before
{Heap before GC invocations=15 (full 0):
 garbage-first heap   total 49152K, used 43496K [0x0000000084e00000, 0x0000000100000000)
  region size 1024K, 18 young (18432K), 2 survivors (2048K)
 Metaspace       used 54931K, committed 55168K, reserved 1114112K
  class space    used 6557K, committed 6656K, reserved 1048576K
}
Event: 9.420 GC heap after
{Heap after GC invocations=16 (full 0):
 garbage-first heap   total 52224K, used 33213K [0x0000000084e00000, 0x0000000100000000)
  region size 1024K, 3 young (3072K), 3 survivors (3072K)
 Metaspace       used 54931K, committed 55168K, reserved 1114112K
  class space    used 6557K, committed 6656K, reserved 1048576K
}
Event: 9.717 GC heap before
{Heap before GC invocations=16 (full 0):
 garbage-first heap   total 52224K, used 43453K [0x0000000084e00000, 0x0000000100000000)
  region size 1024K, 13 young (13312K), 3 survivors (3072K)
 Metaspace       used 54983K, committed 55232K, reserved 1114112K
  class space    used 6563K, committed 6656K, reserved 1048576K
}
Event: 9.735 GC heap after
{Heap after GC invocations=17 (full 0):
 garbage-first heap   total 73728K, used 36841K [0x0000000084e00000, 0x0000000100000000)
  region size 1024K, 2 young (2048K), 2 survivors (2048K)
 Metaspace       used 54983K, committed 55232K, reserved 1114112K
  class space    used 6563K, committed 6656K, reserved 1048576K
}

